
*** Running vivado
    with args -log top_module.vds -m64 -product Vivado -mode batch -messageDb vivado.pb -notrace -source top_module.tcl


****** Vivado v2017.4 (64-bit)
  **** SW Build 2086221 on Fri Dec 15 20:55:39 MST 2017
  **** IP Build 2085800 on Fri Dec 15 22:25:07 MST 2017
    ** Copyright 1986-2017 Xilinx, Inc. All Rights Reserved.

source top_module.tcl -notrace
Command: synth_design -top top_module -part xc7a100tcsg324-1
Starting synth_design
Attempting to get a license for feature 'Synthesis' and/or device 'xc7a100t'
INFO: [Common 17-349] Got license for feature 'Synthesis' and/or device 'xc7a100t'
INFO: Launching helper process for spawning children vivado processes
INFO: Helper process launched with PID 11136 
CRITICAL WARNING: [Synth 8-2490] overwriting previous definition of module FDCE_1 [C:/Users/mewf1/Documents/Vivado/lab_2/exp_7_1/exp_7_1.srcs/sources_1/imports/sources_1/imports/new/FFD_CLOCK_ENABLE.sv:1]
---------------------------------------------------------------------------------
Starting RTL Elaboration : Time (s): cpu = 00:00:10 ; elapsed = 00:00:11 . Memory (MB): peak = 356.902 ; gain = 112.734
---------------------------------------------------------------------------------
INFO: [Synth 8-638] synthesizing module 'top_module' [C:/Users/mewf1/Documents/Vivado/lab_2/exp_7_1/exp_7_1.srcs/sources_1/imports/sources_1/new/top_module.sv:23]
INFO: [Synth 8-638] synthesizing module 'uart_basic' [C:/Users/mewf1/Documents/Vivado/lab_2/exp_7_1/exp_7_1.srcs/sources_1/imports/uart/uart_basic.v:10]
	Parameter CLK_FREQUENCY bound to: 100000000 - type: integer 
	Parameter BAUD_RATE bound to: 115200 - type: integer 
INFO: [Synth 8-638] synthesizing module 'uart_baud_tick_gen' [C:/Users/mewf1/Documents/Vivado/lab_2/exp_7_1/exp_7_1.srcs/sources_1/imports/uart/uart_baud_tick_gen.v:11]
	Parameter CLK_FREQUENCY bound to: 100000000 - type: integer 
	Parameter BAUD_RATE bound to: 115200 - type: integer 
	Parameter OVERSAMPLING bound to: 8 - type: integer 
	Parameter ACC_WIDTH bound to: 18 - type: integer 
	Parameter SHIFT_LIMITER bound to: 7 - type: integer 
	Parameter INCREMENT bound to: 2416 - type: integer 
INFO: [Synth 8-5534] Detected attribute (* keep = "true" *) [C:/Users/mewf1/Documents/Vivado/lab_2/exp_7_1/exp_7_1.srcs/sources_1/imports/uart/uart_baud_tick_gen.v:38]
INFO: [Synth 8-256] done synthesizing module 'uart_baud_tick_gen' (1#1) [C:/Users/mewf1/Documents/Vivado/lab_2/exp_7_1/exp_7_1.srcs/sources_1/imports/uart/uart_baud_tick_gen.v:11]
INFO: [Synth 8-638] synthesizing module 'uart_rx' [C:/Users/mewf1/Documents/Vivado/lab_2/exp_7_1/exp_7_1.srcs/sources_1/imports/uart/uart_rx.v:10]
	Parameter RX_IDLE bound to: 0 - type: integer 
	Parameter RX_START bound to: 1 - type: integer 
	Parameter RX_RECV bound to: 2 - type: integer 
	Parameter RX_STOP bound to: 3 - type: integer 
	Parameter RX_READY bound to: 4 - type: integer 
INFO: [Synth 8-638] synthesizing module 'data_sync' [C:/Users/mewf1/Documents/Vivado/lab_2/exp_7_1/exp_7_1.srcs/sources_1/imports/uart/data_sync.v:11]
INFO: [Synth 8-256] done synthesizing module 'data_sync' (2#1) [C:/Users/mewf1/Documents/Vivado/lab_2/exp_7_1/exp_7_1.srcs/sources_1/imports/uart/data_sync.v:11]
INFO: [Synth 8-155] case statement is not full and has no default [C:/Users/mewf1/Documents/Vivado/lab_2/exp_7_1/exp_7_1.srcs/sources_1/imports/uart/uart_rx.v:78]
INFO: [Synth 8-256] done synthesizing module 'uart_rx' (3#1) [C:/Users/mewf1/Documents/Vivado/lab_2/exp_7_1/exp_7_1.srcs/sources_1/imports/uart/uart_rx.v:10]
INFO: [Synth 8-638] synthesizing module 'uart_baud_tick_gen__parameterized0' [C:/Users/mewf1/Documents/Vivado/lab_2/exp_7_1/exp_7_1.srcs/sources_1/imports/uart/uart_baud_tick_gen.v:11]
	Parameter CLK_FREQUENCY bound to: 100000000 - type: integer 
	Parameter BAUD_RATE bound to: 115200 - type: integer 
	Parameter OVERSAMPLING bound to: 1 - type: integer 
	Parameter ACC_WIDTH bound to: 18 - type: integer 
	Parameter SHIFT_LIMITER bound to: 4 - type: integer 
	Parameter INCREMENT bound to: 302 - type: integer 
INFO: [Synth 8-256] done synthesizing module 'uart_baud_tick_gen__parameterized0' (3#1) [C:/Users/mewf1/Documents/Vivado/lab_2/exp_7_1/exp_7_1.srcs/sources_1/imports/uart/uart_baud_tick_gen.v:11]
INFO: [Synth 8-638] synthesizing module 'uart_tx' [C:/Users/mewf1/Documents/Vivado/lab_2/exp_7_1/exp_7_1.srcs/sources_1/imports/uart/uart_tx.v:10]
	Parameter TX_IDLE bound to: 2'b00 
	Parameter TX_START bound to: 2'b01 
	Parameter TX_SEND bound to: 2'b10 
	Parameter TX_STOP bound to: 2'b11 
INFO: [Synth 8-256] done synthesizing module 'uart_tx' (4#1) [C:/Users/mewf1/Documents/Vivado/lab_2/exp_7_1/exp_7_1.srcs/sources_1/imports/uart/uart_tx.v:10]
INFO: [Synth 8-256] done synthesizing module 'uart_basic' (5#1) [C:/Users/mewf1/Documents/Vivado/lab_2/exp_7_1/exp_7_1.srcs/sources_1/imports/uart/uart_basic.v:10]
INFO: [Synth 8-638] synthesizing module 'UART_RX_CTRL' [C:/Users/mewf1/Documents/Vivado/lab_2/exp_7_1/exp_7_1.srcs/sources_1/new/UART_RX_CTRL.sv:23]
INFO: [Synth 8-638] synthesizing module 'FDCE_1' [C:/Users/mewf1/Documents/Vivado/lab_2/exp_7_1/exp_7_1.srcs/sources_1/imports/sources_1/imports/new/FFD_CLOCK_ENABLE.sv:1]
	Parameter N bound to: 8 - type: integer 
INFO: [Synth 8-256] done synthesizing module 'FDCE_1' (6#1) [C:/Users/mewf1/Documents/Vivado/lab_2/exp_7_1/exp_7_1.srcs/sources_1/imports/sources_1/imports/new/FFD_CLOCK_ENABLE.sv:1]
INFO: [Synth 8-256] done synthesizing module 'UART_RX_CTRL' (7#1) [C:/Users/mewf1/Documents/Vivado/lab_2/exp_7_1/exp_7_1.srcs/sources_1/new/UART_RX_CTRL.sv:23]
INFO: [Synth 8-638] synthesizing module 'alu' [C:/Users/mewf1/Documents/Vivado/lab_2/exp_7_1/exp_7_1.srcs/sources_1/imports/sources_1/imports/new/alu.sv:23]
	Parameter largo bound to: 16 - type: integer 
INFO: [Synth 8-226] default block is never used [C:/Users/mewf1/Documents/Vivado/lab_2/exp_7_1/exp_7_1.srcs/sources_1/imports/sources_1/imports/new/alu.sv:31]
INFO: [Synth 8-256] done synthesizing module 'alu' (8#1) [C:/Users/mewf1/Documents/Vivado/lab_2/exp_7_1/exp_7_1.srcs/sources_1/imports/sources_1/imports/new/alu.sv:23]
INFO: [Synth 8-638] synthesizing module 'disp_driver' [C:/Users/mewf1/Documents/Vivado/lab_2/exp_7_1/exp_7_1.srcs/sources_1/imports/sources_1/new/disp_driver.sv:23]
INFO: [Synth 8-256] done synthesizing module 'disp_driver' (9#1) [C:/Users/mewf1/Documents/Vivado/lab_2/exp_7_1/exp_7_1.srcs/sources_1/imports/sources_1/new/disp_driver.sv:23]
INFO: [Synth 8-638] synthesizing module 'unsigned_to_bcd' [C:/Users/mewf1/Documents/Vivado/lab_2/exp_7_1/exp_7_1.srcs/sources_1/imports/sources_1/imports/sources_1/imports/double-dabble-32bits/unsigned_to_bcd.v:22]
	Parameter S_IDLE bound to: 1 - type: integer 
	Parameter S_SHIFT bound to: 2 - type: integer 
	Parameter S_ADD3 bound to: 4 - type: integer 
	Parameter COUNTER_MAX bound to: 32 - type: integer 
INFO: [Synth 8-256] done synthesizing module 'unsigned_to_bcd' (10#1) [C:/Users/mewf1/Documents/Vivado/lab_2/exp_7_1/exp_7_1.srcs/sources_1/imports/sources_1/imports/sources_1/imports/double-dabble-32bits/unsigned_to_bcd.v:22]
WARNING: [Synth 8-350] instance 'HTD' of module 'unsigned_to_bcd' requires 5 connections, but only 4 given [C:/Users/mewf1/Documents/Vivado/lab_2/exp_7_1/exp_7_1.srcs/sources_1/imports/sources_1/new/top_module.sv:84]
INFO: [Synth 8-638] synthesizing module 'clockmaster' [C:/Users/mewf1/Documents/Vivado/lab_2/exp_7_1/exp_7_1.srcs/sources_1/imports/sources_1/imports/cosas/clockmaster.sv:23]
	Parameter hz bound to: 480 - type: integer 
	Parameter cntmax bound to: 104166 - type: integer 
	Parameter bits bound to: 17 - type: integer 
INFO: [Synth 8-256] done synthesizing module 'clockmaster' (11#1) [C:/Users/mewf1/Documents/Vivado/lab_2/exp_7_1/exp_7_1.srcs/sources_1/imports/sources_1/imports/cosas/clockmaster.sv:23]
INFO: [Synth 8-638] synthesizing module 'display_bcd' [C:/Users/mewf1/Documents/Vivado/lab_2/exp_7_1/exp_7_1.srcs/sources_1/imports/sources_1/imports/display_BCD/display_bcd.sv:23]
INFO: [Synth 8-638] synthesizing module 'display_multiplexer_4bits' [C:/Users/mewf1/Documents/Vivado/lab_2/exp_7_1/exp_7_1.srcs/sources_1/imports/sources_1/imports/display_BCD/display_multiplexer_4bits.sv:23]
INFO: [Synth 8-226] default block is never used [C:/Users/mewf1/Documents/Vivado/lab_2/exp_7_1/exp_7_1.srcs/sources_1/imports/sources_1/imports/display_BCD/display_multiplexer_4bits.sv:32]
INFO: [Synth 8-256] done synthesizing module 'display_multiplexer_4bits' (12#1) [C:/Users/mewf1/Documents/Vivado/lab_2/exp_7_1/exp_7_1.srcs/sources_1/imports/sources_1/imports/display_BCD/display_multiplexer_4bits.sv:23]
INFO: [Synth 8-638] synthesizing module 'counter_3bit' [C:/Users/mewf1/Documents/Vivado/lab_2/exp_7_1/exp_7_1.srcs/sources_1/imports/sources_1/imports/display_BCD/counter_3bit.sv:23]
INFO: [Synth 8-256] done synthesizing module 'counter_3bit' (13#1) [C:/Users/mewf1/Documents/Vivado/lab_2/exp_7_1/exp_7_1.srcs/sources_1/imports/sources_1/imports/display_BCD/counter_3bit.sv:23]
INFO: [Synth 8-638] synthesizing module 'bcd_to_sevenseg_hex' [C:/Users/mewf1/Documents/Vivado/lab_2/exp_7_1/exp_7_1.srcs/sources_1/imports/sources_1/imports/display_BCD/bcd_to_sevenseg_hex.sv:23]
INFO: [Synth 8-226] default block is never used [C:/Users/mewf1/Documents/Vivado/lab_2/exp_7_1/exp_7_1.srcs/sources_1/imports/sources_1/imports/display_BCD/bcd_to_sevenseg_hex.sv:30]
INFO: [Synth 8-256] done synthesizing module 'bcd_to_sevenseg_hex' (14#1) [C:/Users/mewf1/Documents/Vivado/lab_2/exp_7_1/exp_7_1.srcs/sources_1/imports/sources_1/imports/display_BCD/bcd_to_sevenseg_hex.sv:23]
INFO: [Synth 8-256] done synthesizing module 'display_bcd' (15#1) [C:/Users/mewf1/Documents/Vivado/lab_2/exp_7_1/exp_7_1.srcs/sources_1/imports/sources_1/imports/display_BCD/display_bcd.sv:23]
INFO: [Synth 8-638] synthesizing module 'clockmaster__parameterized0' [C:/Users/mewf1/Documents/Vivado/lab_2/exp_7_1/exp_7_1.srcs/sources_1/imports/sources_1/imports/cosas/clockmaster.sv:23]
	Parameter hz bound to: 48 - type: integer 
	Parameter cntmax bound to: 1041666 - type: integer 
	Parameter bits bound to: 20 - type: integer 
INFO: [Synth 8-256] done synthesizing module 'clockmaster__parameterized0' (15#1) [C:/Users/mewf1/Documents/Vivado/lab_2/exp_7_1/exp_7_1.srcs/sources_1/imports/sources_1/imports/cosas/clockmaster.sv:23]
INFO: [Synth 8-256] done synthesizing module 'top_module' (16#1) [C:/Users/mewf1/Documents/Vivado/lab_2/exp_7_1/exp_7_1.srcs/sources_1/imports/sources_1/new/top_module.sv:23]
WARNING: [Synth 8-3331] design disp_driver has unconnected port res[16]
---------------------------------------------------------------------------------
Finished RTL Elaboration : Time (s): cpu = 00:00:12 ; elapsed = 00:00:13 . Memory (MB): peak = 389.598 ; gain = 145.430
---------------------------------------------------------------------------------

Report Check Netlist: 
+------+------------------+-------+---------+-------+------------------+
|      |Item              |Errors |Warnings |Status |Description       |
+------+------------------+-------+---------+-------+------------------+
|1     |multi_driven_nets |      0|        0|Passed |Multi driven nets |
+------+------------------+-------+---------+-------+------------------+
WARNING: [Synth 8-3295] tying undriven pin UART:tx_start to constant 0 [C:/Users/mewf1/Documents/Vivado/lab_2/exp_7_1/exp_7_1.srcs/sources_1/imports/sources_1/new/top_module.sv:46]
WARNING: [Synth 8-3295] tying undriven pin UART:tx_data[7] to constant 0 [C:/Users/mewf1/Documents/Vivado/lab_2/exp_7_1/exp_7_1.srcs/sources_1/imports/sources_1/new/top_module.sv:46]
WARNING: [Synth 8-3295] tying undriven pin UART:tx_data[6] to constant 0 [C:/Users/mewf1/Documents/Vivado/lab_2/exp_7_1/exp_7_1.srcs/sources_1/imports/sources_1/new/top_module.sv:46]
WARNING: [Synth 8-3295] tying undriven pin UART:tx_data[5] to constant 0 [C:/Users/mewf1/Documents/Vivado/lab_2/exp_7_1/exp_7_1.srcs/sources_1/imports/sources_1/new/top_module.sv:46]
WARNING: [Synth 8-3295] tying undriven pin UART:tx_data[4] to constant 0 [C:/Users/mewf1/Documents/Vivado/lab_2/exp_7_1/exp_7_1.srcs/sources_1/imports/sources_1/new/top_module.sv:46]
WARNING: [Synth 8-3295] tying undriven pin UART:tx_data[3] to constant 0 [C:/Users/mewf1/Documents/Vivado/lab_2/exp_7_1/exp_7_1.srcs/sources_1/imports/sources_1/new/top_module.sv:46]
WARNING: [Synth 8-3295] tying undriven pin UART:tx_data[2] to constant 0 [C:/Users/mewf1/Documents/Vivado/lab_2/exp_7_1/exp_7_1.srcs/sources_1/imports/sources_1/new/top_module.sv:46]
WARNING: [Synth 8-3295] tying undriven pin UART:tx_data[1] to constant 0 [C:/Users/mewf1/Documents/Vivado/lab_2/exp_7_1/exp_7_1.srcs/sources_1/imports/sources_1/new/top_module.sv:46]
WARNING: [Synth 8-3295] tying undriven pin UART:tx_data[0] to constant 0 [C:/Users/mewf1/Documents/Vivado/lab_2/exp_7_1/exp_7_1.srcs/sources_1/imports/sources_1/new/top_module.sv:46]
---------------------------------------------------------------------------------
Finished RTL Optimization Phase 1 : Time (s): cpu = 00:00:12 ; elapsed = 00:00:13 . Memory (MB): peak = 389.598 ; gain = 145.430
---------------------------------------------------------------------------------
INFO: [Device 21-403] Loading part xc7a100tcsg324-1
INFO: [Project 1-570] Preparing netlist for logic optimization

Processing XDC Constraints
Initializing timing engine
Parsing XDC File [C:/Users/mewf1/Documents/Vivado/lab_2/exp_7_1/exp_7_1.srcs/constrs_1/imports/digilent-xdc-master/Nexys-4-DDR-Master.xdc]
WARNING: [Vivado 12-584] No ports matched 'UART_RXD_OUT'. [C:/Users/mewf1/Documents/Vivado/lab_2/exp_7_1/exp_7_1.srcs/constrs_1/imports/digilent-xdc-master/Nexys-4-DDR-Master.xdc:220]
CRITICAL WARNING: [Common 17-55] 'set_property' expects at least one object. [C:/Users/mewf1/Documents/Vivado/lab_2/exp_7_1/exp_7_1.srcs/constrs_1/imports/digilent-xdc-master/Nexys-4-DDR-Master.xdc:220]
Resolution: If [get_<value>] was used to populate the object, check to make sure this command returns at least one valid object.
Finished Parsing XDC File [C:/Users/mewf1/Documents/Vivado/lab_2/exp_7_1/exp_7_1.srcs/constrs_1/imports/digilent-xdc-master/Nexys-4-DDR-Master.xdc]
INFO: [Project 1-236] Implementation specific constraints were found while reading constraint file [C:/Users/mewf1/Documents/Vivado/lab_2/exp_7_1/exp_7_1.srcs/constrs_1/imports/digilent-xdc-master/Nexys-4-DDR-Master.xdc]. These constraints will be ignored for synthesis but will be used in implementation. Impacted constraints are listed in the file [.Xil/top_module_propImpl.xdc].
Resolution: To avoid this warning, move constraints listed in [.Xil/top_module_propImpl.xdc] to another XDC file and exclude this new file from synthesis with the used_in_synthesis property (File Properties dialog in GUI) and re-run elaboration/synthesis.
Completed Processing XDC Constraints

INFO: [Project 1-111] Unisim Transformation Summary:
No Unisim elements were transformed.

Constraint Validation Runtime : Time (s): cpu = 00:00:00 ; elapsed = 00:00:00.010 . Memory (MB): peak = 752.531 ; gain = 0.000
---------------------------------------------------------------------------------
Finished Constraint Validation : Time (s): cpu = 00:00:32 ; elapsed = 00:00:35 . Memory (MB): peak = 752.531 ; gain = 508.363
---------------------------------------------------------------------------------
---------------------------------------------------------------------------------
Start Loading Part and Timing Information
---------------------------------------------------------------------------------
Loading part: xc7a100tcsg324-1
---------------------------------------------------------------------------------
Finished Loading Part and Timing Information : Time (s): cpu = 00:00:32 ; elapsed = 00:00:35 . Memory (MB): peak = 752.531 ; gain = 508.363
---------------------------------------------------------------------------------
---------------------------------------------------------------------------------
Start Applying 'set_property' XDC Constraints
---------------------------------------------------------------------------------
---------------------------------------------------------------------------------
Finished applying 'set_property' XDC Constraints : Time (s): cpu = 00:00:32 ; elapsed = 00:00:35 . Memory (MB): peak = 752.531 ; gain = 508.363
---------------------------------------------------------------------------------
INFO: [Synth 8-802] inferred FSM for state register 'state_reg' in module 'uart_rx'
INFO: [Synth 8-5544] ROM "rx_ready" won't be mapped to Block RAM because address size (3) smaller than threshold (5)
INFO: [Synth 8-5544] ROM "state_next" won't be mapped to Block RAM because address size (1) smaller than threshold (5)
INFO: [Synth 8-5544] ROM "state_next0" won't be mapped to Block RAM because address size (3) smaller than threshold (5)
INFO: [Synth 8-802] inferred FSM for state register 'state_reg' in module 'UART_RX_CTRL'
INFO: [Synth 8-5544] ROM "nextstate" won't be mapped to Block RAM because address size (4) smaller than threshold (5)
INFO: [Synth 8-5818] HDL ADVISOR - The operator resource <adder> is shared. To prevent sharing consider applying a KEEP on the output of the operator [C:/Users/mewf1/Documents/Vivado/lab_2/exp_7_1/exp_7_1.srcs/sources_1/imports/sources_1/imports/new/alu.sv:31]
INFO: [Synth 8-5544] ROM "idle" won't be mapped to Block RAM because address size (3) smaller than threshold (5)
INFO: [Synth 8-5546] ROM "state_next" won't be mapped to RAM because it is too sparse
INFO: [Synth 8-5546] ROM "bcd_next" won't be mapped to RAM because it is too sparse
INFO: [Synth 8-5544] ROM "counter_next" won't be mapped to Block RAM because address size (3) smaller than threshold (5)
INFO: [Synth 8-5546] ROM "clk_out" won't be mapped to RAM because it is too sparse
INFO: [Synth 8-5546] ROM "clk_out" won't be mapped to RAM because it is too sparse
---------------------------------------------------------------------------------------------------
                   State |                     New Encoding |                Previous Encoding 
---------------------------------------------------------------------------------------------------
                 RX_IDLE |                              000 |                              000
                RX_START |                              001 |                              001
                 RX_RECV |                              010 |                              010
                 RX_STOP |                              011 |                              011
                RX_READY |                              100 |                              100
---------------------------------------------------------------------------------------------------
INFO: [Synth 8-3354] encoded FSM with state register 'state_reg' using encoding 'sequential' in module 'uart_rx'
---------------------------------------------------------------------------------------------------
                   State |                     New Encoding |                Previous Encoding 
---------------------------------------------------------------------------------------------------
            Wait_OP1_LSB |                             0000 |                             0000
           Store_OP1_LSB |                             0001 |                             0001
            Wait_OP1_MSB |                             0010 |                             0010
           Store_OP1_MSB |                             0011 |                             0011
            Wait_OP2_LSB |                             0100 |                             0100
           Store_OP2_LSB |                             0101 |                             0101
            Wait_OP2_MSB |                             0110 |                             0110
           Store_OP2_MSB |                             0111 |                             0111
                Wait_CMD |                             1000 |                             1000
               Store_CMD |                             1001 |                             1001
           Delay_1_cycle |                             1010 |                             1010
       Trigger_TX_result |                             1011 |                             1011
---------------------------------------------------------------------------------------------------
INFO: [Synth 8-3354] encoded FSM with state register 'state_reg' using encoding 'sequential' in module 'UART_RX_CTRL'
---------------------------------------------------------------------------------
Finished RTL Optimization Phase 2 : Time (s): cpu = 00:00:33 ; elapsed = 00:00:36 . Memory (MB): peak = 752.531 ; gain = 508.363
---------------------------------------------------------------------------------

Report RTL Partitions: 
+-+--------------+------------+----------+
| |RTL Partition |Replication |Instances |
+-+--------------+------------+----------+
+-+--------------+------------+----------+
---------------------------------------------------------------------------------
Start RTL Component Statistics 
---------------------------------------------------------------------------------
Detailed RTL Component Info : 
+---Adders : 
	   2 Input     20 Bit       Adders := 1     
	   2 Input     19 Bit       Adders := 2     
	   3 Input     17 Bit       Adders := 1     
	   2 Input     17 Bit       Adders := 1     
	   2 Input      6 Bit       Adders := 1     
	   2 Input      4 Bit       Adders := 8     
	   2 Input      3 Bit       Adders := 4     
	   2 Input      2 Bit       Adders := 1     
+---Registers : 
	               32 Bit    Registers := 2     
	               20 Bit    Registers := 1     
	               19 Bit    Registers := 2     
	               17 Bit    Registers := 1     
	                8 Bit    Registers := 7     
	                6 Bit    Registers := 1     
	                3 Bit    Registers := 5     
	                2 Bit    Registers := 3     
	                1 Bit    Registers := 5     
+---Muxes : 
	   4 Input     32 Bit        Muxes := 2     
	   2 Input     20 Bit        Muxes := 1     
	   4 Input     17 Bit        Muxes := 2     
	   2 Input     17 Bit        Muxes := 1     
	  13 Input     16 Bit        Muxes := 1     
	   2 Input      8 Bit        Muxes := 8     
	   4 Input      6 Bit        Muxes := 1     
	  12 Input      4 Bit        Muxes := 2     
	   4 Input      3 Bit        Muxes := 3     
	   6 Input      3 Bit        Muxes := 1     
	   5 Input      3 Bit        Muxes := 1     
	   2 Input      2 Bit        Muxes := 3     
	   5 Input      2 Bit        Muxes := 1     
	   2 Input      1 Bit        Muxes := 8     
	   3 Input      1 Bit        Muxes := 1     
	   4 Input      1 Bit        Muxes := 10    
	   5 Input      1 Bit        Muxes := 2     
	  12 Input      1 Bit        Muxes := 1     
---------------------------------------------------------------------------------
Finished RTL Component Statistics 
---------------------------------------------------------------------------------
---------------------------------------------------------------------------------
Start RTL Hierarchical Component Statistics 
---------------------------------------------------------------------------------
Hierarchical RTL Component report 
Module uart_baud_tick_gen 
Detailed RTL Component Info : 
+---Adders : 
	   2 Input     19 Bit       Adders := 1     
+---Registers : 
	               19 Bit    Registers := 1     
Module data_sync 
Detailed RTL Component Info : 
+---Adders : 
	   2 Input      2 Bit       Adders := 1     
+---Registers : 
	                2 Bit    Registers := 2     
	                1 Bit    Registers := 1     
+---Muxes : 
	   2 Input      2 Bit        Muxes := 1     
	   2 Input      1 Bit        Muxes := 1     
	   3 Input      1 Bit        Muxes := 1     
Module uart_rx 
Detailed RTL Component Info : 
+---Adders : 
	   2 Input      3 Bit       Adders := 2     
+---Registers : 
	                8 Bit    Registers := 1     
	                3 Bit    Registers := 2     
+---Muxes : 
	   4 Input      3 Bit        Muxes := 2     
	   6 Input      3 Bit        Muxes := 1     
	   4 Input      1 Bit        Muxes := 3     
	   5 Input      1 Bit        Muxes := 1     
Module uart_baud_tick_gen__parameterized0 
Detailed RTL Component Info : 
+---Adders : 
	   2 Input     19 Bit       Adders := 1     
+---Registers : 
	               19 Bit    Registers := 1     
Module uart_tx 
Detailed RTL Component Info : 
+---Adders : 
	   2 Input      3 Bit       Adders := 1     
+---Registers : 
	                8 Bit    Registers := 1     
	                3 Bit    Registers := 1     
	                2 Bit    Registers := 1     
+---Muxes : 
	   4 Input      3 Bit        Muxes := 1     
	   2 Input      2 Bit        Muxes := 2     
	   5 Input      2 Bit        Muxes := 1     
	   4 Input      1 Bit        Muxes := 4     
Module uart_basic 
Detailed RTL Component Info : 
+---Registers : 
	                1 Bit    Registers := 2     
Module FDCE_1__mod 
Detailed RTL Component Info : 
+---Registers : 
	                8 Bit    Registers := 1     
+---Muxes : 
	   2 Input      1 Bit        Muxes := 1     
Module UART_RX_CTRL 
Detailed RTL Component Info : 
+---Muxes : 
	  12 Input      4 Bit        Muxes := 2     
	  12 Input      1 Bit        Muxes := 1     
Module alu 
Detailed RTL Component Info : 
+---Adders : 
	   3 Input     17 Bit       Adders := 1     
+---Muxes : 
	   4 Input     17 Bit        Muxes := 2     
Module disp_driver 
Detailed RTL Component Info : 
+---Muxes : 
	  13 Input     16 Bit        Muxes := 1     
Module unsigned_to_bcd 
Detailed RTL Component Info : 
+---Adders : 
	   2 Input      6 Bit       Adders := 1     
	   2 Input      4 Bit       Adders := 8     
+---Registers : 
	               32 Bit    Registers := 2     
	                6 Bit    Registers := 1     
	                3 Bit    Registers := 1     
+---Muxes : 
	   4 Input     32 Bit        Muxes := 2     
	   4 Input      6 Bit        Muxes := 1     
	   5 Input      3 Bit        Muxes := 1     
	   4 Input      1 Bit        Muxes := 3     
	   5 Input      1 Bit        Muxes := 1     
Module clockmaster 
Detailed RTL Component Info : 
+---Adders : 
	   2 Input     17 Bit       Adders := 1     
+---Registers : 
	               17 Bit    Registers := 1     
	                1 Bit    Registers := 1     
+---Muxes : 
	   2 Input     17 Bit        Muxes := 1     
	   2 Input      1 Bit        Muxes := 1     
Module display_multiplexer_4bits 
Detailed RTL Component Info : 
+---Muxes : 
	   2 Input      8 Bit        Muxes := 8     
Module counter_3bit 
Detailed RTL Component Info : 
+---Adders : 
	   2 Input      3 Bit       Adders := 1     
+---Registers : 
	                3 Bit    Registers := 1     
Module clockmaster__parameterized0 
Detailed RTL Component Info : 
+---Adders : 
	   2 Input     20 Bit       Adders := 1     
+---Registers : 
	               20 Bit    Registers := 1     
	                1 Bit    Registers := 1     
+---Muxes : 
	   2 Input     20 Bit        Muxes := 1     
	   2 Input      1 Bit        Muxes := 1     
---------------------------------------------------------------------------------
Finished RTL Hierarchical Component Statistics
---------------------------------------------------------------------------------
---------------------------------------------------------------------------------
Start Part Resource Summary
---------------------------------------------------------------------------------
Part Resources:
DSPs: 240 (col length:80)
BRAMs: 270 (col length: RAMB18 80 RAMB36 40)
---------------------------------------------------------------------------------
Finished Part Resource Summary
---------------------------------------------------------------------------------
---------------------------------------------------------------------------------
Start Cross Boundary and Area Optimization
---------------------------------------------------------------------------------
INFO: [Synth 8-5546] ROM "nolabel_line91/clk_out" won't be mapped to RAM because it is too sparse
INFO: [Synth 8-5546] ROM "nolabel_line105/clk_out" won't be mapped to RAM because it is too sparse
INFO: [Synth 8-5546] ROM "nolabel_line105/clk_out" won't be mapped to RAM because it is too sparse
INFO: [Synth 8-5546] ROM "nolabel_line91/clk_out" won't be mapped to RAM because it is too sparse
WARNING: [Synth 8-3332] Sequential element (UART/uart_tx_blk/tx_data_reg_reg[7]) is unused and will be removed from module top_module.
WARNING: [Synth 8-3332] Sequential element (UART/uart_tx_blk/tx_data_reg_reg[6]) is unused and will be removed from module top_module.
WARNING: [Synth 8-3332] Sequential element (UART/uart_tx_blk/tx_data_reg_reg[5]) is unused and will be removed from module top_module.
WARNING: [Synth 8-3332] Sequential element (UART/uart_tx_blk/tx_data_reg_reg[4]) is unused and will be removed from module top_module.
WARNING: [Synth 8-3332] Sequential element (UART/uart_tx_blk/tx_data_reg_reg[3]) is unused and will be removed from module top_module.
WARNING: [Synth 8-3332] Sequential element (UART/uart_tx_blk/tx_data_reg_reg[2]) is unused and will be removed from module top_module.
WARNING: [Synth 8-3332] Sequential element (UART/uart_tx_blk/tx_data_reg_reg[1]) is unused and will be removed from module top_module.
WARNING: [Synth 8-3332] Sequential element (UART/uart_tx_blk/tx_data_reg_reg[0]) is unused and will be removed from module top_module.
---------------------------------------------------------------------------------
Finished Cross Boundary and Area Optimization : Time (s): cpu = 00:00:36 ; elapsed = 00:00:40 . Memory (MB): peak = 752.531 ; gain = 508.363
---------------------------------------------------------------------------------

Report RTL Partitions: 
+-+--------------+------------+----------+
| |RTL Partition |Replication |Instances |
+-+--------------+------------+----------+
+-+--------------+------------+----------+
---------------------------------------------------------------------------------
Start Applying XDC Timing Constraints
---------------------------------------------------------------------------------
---------------------------------------------------------------------------------
Finished Applying XDC Timing Constraints : Time (s): cpu = 00:00:53 ; elapsed = 00:00:57 . Memory (MB): peak = 752.531 ; gain = 508.363
---------------------------------------------------------------------------------
---------------------------------------------------------------------------------
Start Timing Optimization
---------------------------------------------------------------------------------
---------------------------------------------------------------------------------
Finished Timing Optimization : Time (s): cpu = 00:00:55 ; elapsed = 00:00:59 . Memory (MB): peak = 773.871 ; gain = 529.703
---------------------------------------------------------------------------------

Report RTL Partitions: 
+-+--------------+------------+----------+
| |RTL Partition |Replication |Instances |
+-+--------------+------------+----------+
+-+--------------+------------+----------+
---------------------------------------------------------------------------------
Start Technology Mapping
---------------------------------------------------------------------------------
WARNING: [Synth 8-3332] Sequential element (UART/uart_tx_blk/counter_reg[2]) is unused and will be removed from module top_module.
WARNING: [Synth 8-3332] Sequential element (UART/uart_tx_blk/counter_reg[1]) is unused and will be removed from module top_module.
WARNING: [Synth 8-3332] Sequential element (UART/uart_tx_blk/counter_reg[0]) is unused and will be removed from module top_module.
WARNING: [Synth 8-3332] Sequential element (UART/uart_tx_blk/state_reg[1]) is unused and will be removed from module top_module.
WARNING: [Synth 8-3332] Sequential element (UART/uart_tx_blk/state_reg[0]) is unused and will be removed from module top_module.
---------------------------------------------------------------------------------
Finished Technology Mapping : Time (s): cpu = 00:00:55 ; elapsed = 00:00:59 . Memory (MB): peak = 781.316 ; gain = 537.148
---------------------------------------------------------------------------------

Report RTL Partitions: 
+-+--------------+------------+----------+
| |RTL Partition |Replication |Instances |
+-+--------------+------------+----------+
+-+--------------+------------+----------+
---------------------------------------------------------------------------------
Start IO Insertion
---------------------------------------------------------------------------------
---------------------------------------------------------------------------------
Start Flattening Before IO Insertion
---------------------------------------------------------------------------------
---------------------------------------------------------------------------------
Finished Flattening Before IO Insertion
---------------------------------------------------------------------------------
---------------------------------------------------------------------------------
Start Final Netlist Cleanup
---------------------------------------------------------------------------------
---------------------------------------------------------------------------------
Finished Final Netlist Cleanup
---------------------------------------------------------------------------------
---------------------------------------------------------------------------------
Finished IO Insertion : Time (s): cpu = 00:00:57 ; elapsed = 00:01:01 . Memory (MB): peak = 781.316 ; gain = 537.148
---------------------------------------------------------------------------------

Report Check Netlist: 
+------+------------------+-------+---------+-------+------------------+
|      |Item              |Errors |Warnings |Status |Description       |
+------+------------------+-------+---------+-------+------------------+
|1     |multi_driven_nets |      0|        0|Passed |Multi driven nets |
+------+------------------+-------+---------+-------+------------------+
---------------------------------------------------------------------------------
Start Renaming Generated Instances
---------------------------------------------------------------------------------
---------------------------------------------------------------------------------
Finished Renaming Generated Instances : Time (s): cpu = 00:00:57 ; elapsed = 00:01:01 . Memory (MB): peak = 781.316 ; gain = 537.148
---------------------------------------------------------------------------------

Report RTL Partitions: 
+-+--------------+------------+----------+
| |RTL Partition |Replication |Instances |
+-+--------------+------------+----------+
+-+--------------+------------+----------+
---------------------------------------------------------------------------------
Start Rebuilding User Hierarchy
---------------------------------------------------------------------------------
---------------------------------------------------------------------------------
Finished Rebuilding User Hierarchy : Time (s): cpu = 00:00:57 ; elapsed = 00:01:01 . Memory (MB): peak = 781.316 ; gain = 537.148
---------------------------------------------------------------------------------
---------------------------------------------------------------------------------
Start Renaming Generated Ports
---------------------------------------------------------------------------------
---------------------------------------------------------------------------------
Finished Renaming Generated Ports : Time (s): cpu = 00:00:57 ; elapsed = 00:01:01 . Memory (MB): peak = 781.316 ; gain = 537.148
---------------------------------------------------------------------------------
---------------------------------------------------------------------------------
Start Handling Custom Attributes
---------------------------------------------------------------------------------
---------------------------------------------------------------------------------
Finished Handling Custom Attributes : Time (s): cpu = 00:00:57 ; elapsed = 00:01:01 . Memory (MB): peak = 781.316 ; gain = 537.148
---------------------------------------------------------------------------------
---------------------------------------------------------------------------------
Start Renaming Generated Nets
---------------------------------------------------------------------------------
---------------------------------------------------------------------------------
Finished Renaming Generated Nets : Time (s): cpu = 00:00:57 ; elapsed = 00:01:01 . Memory (MB): peak = 781.316 ; gain = 537.148
---------------------------------------------------------------------------------
---------------------------------------------------------------------------------
Start Writing Synthesis Report
---------------------------------------------------------------------------------

Report BlackBoxes: 
+-+--------------+----------+
| |BlackBox name |Instances |
+-+--------------+----------+
+-+--------------+----------+

Report Cell Usage: 
+------+-------+------+
|      |Cell   |Count |
+------+-------+------+
|1     |BUFG   |     1|
|2     |CARRY4 |    23|
|3     |LUT1   |    15|
|4     |LUT2   |    13|
|5     |LUT3   |    37|
|6     |LUT4   |    52|
|7     |LUT5   |    36|
|8     |LUT6   |    88|
|9     |MUXF7  |    12|
|10    |FDRE   |   216|
|11    |FDSE   |     5|
|12    |IBUF   |     3|
|13    |OBUF   |    21|
+------+-------+------+

Report Instance Areas: 
+------+-------------------+-----------------------------------+------+
|      |Instance           |Module                             |Cells |
+------+-------------------+-----------------------------------+------+
|1     |top                |                                   |   522|
|2     |  ALU              |alu                                |    16|
|3     |  DISP             |display_bcd                        |    14|
|4     |    CNT            |counter_3bit                       |    14|
|5     |  HTD              |unsigned_to_bcd                    |   162|
|6     |  UART             |uart_basic                         |   101|
|7     |    baud8_tick_blk |uart_baud_tick_gen                 |    29|
|8     |    baud_tick_blk  |uart_baud_tick_gen__parameterized0 |    29|
|9     |    uart_rx_blk    |uart_rx                            |    41|
|10    |      rx_sync_inst |data_sync                          |     9|
|11    |  URC              |UART_RX_CTRL                       |   142|
|12    |    RET_ALU_ctrl   |FDCE_1__mod                        |    74|
|13    |    RET_OP_1_LSB   |FDCE_1__mod_0                      |    14|
|14    |    RET_OP_1_MSB   |FDCE_1__mod_1                      |    16|
|15    |    RET_OP_2_LSB   |FDCE_1__mod_2                      |    12|
|16    |    RET_OP_2_MSB   |FDCE_1__mod_3                      |    14|
|17    |  nolabel_line105  |clockmaster__parameterized0        |    33|
|18    |  nolabel_line91   |clockmaster                        |    29|
+------+-------------------+-----------------------------------+------+
---------------------------------------------------------------------------------
Finished Writing Synthesis Report : Time (s): cpu = 00:00:57 ; elapsed = 00:01:01 . Memory (MB): peak = 781.316 ; gain = 537.148
---------------------------------------------------------------------------------
Synthesis finished with 0 errors, 0 critical warnings and 13 warnings.
Synthesis Optimization Runtime : Time (s): cpu = 00:00:34 ; elapsed = 00:00:48 . Memory (MB): peak = 781.316 ; gain = 174.215
Synthesis Optimization Complete : Time (s): cpu = 00:00:57 ; elapsed = 00:01:01 . Memory (MB): peak = 781.316 ; gain = 537.148
INFO: [Project 1-571] Translating synthesized netlist
INFO: [Netlist 29-17] Analyzing 38 Unisim elements for replacement
INFO: [Netlist 29-28] Unisim Transformation completed in 0 CPU seconds
INFO: [Project 1-570] Preparing netlist for logic optimization
INFO: [Opt 31-138] Pushed 0 inverter(s) to 0 load pin(s).
INFO: [Project 1-111] Unisim Transformation Summary:
No Unisim elements were transformed.

INFO: [Common 17-83] Releasing license: Synthesis
72 Infos, 25 Warnings, 2 Critical Warnings and 0 Errors encountered.
synth_design completed successfully
synth_design: Time (s): cpu = 00:01:00 ; elapsed = 00:01:05 . Memory (MB): peak = 781.316 ; gain = 549.879
INFO: [Common 17-1381] The checkpoint 'C:/Users/mewf1/Documents/Vivado/lab_2/exp_7_1/exp_7_1.runs/synth_1/top_module.dcp' has been generated.
INFO: [runtcl-4] Executing : report_utilization -file top_module_utilization_synth.rpt -pb top_module_utilization_synth.pb
report_utilization: Time (s): cpu = 00:00:00 ; elapsed = 00:00:00.067 . Memory (MB): peak = 781.316 ; gain = 0.000
INFO: [Common 17-206] Exiting Vivado at Tue May 15 11:57:39 2018...
