#-----------------------------------------------------------
# Vivado v2017.4 (64-bit)
# SW Build 2086221 on Fri Dec 15 20:55:39 MST 2017
# IP Build 2085800 on Fri Dec 15 22:25:07 MST 2017
# Start of session at: Mon May 14 19:16:44 2018
# Process ID: 3596
# Current directory: C:/Users/mewf1/Desktop/UART_reference_files/lab7_ME_reference
# Command line: vivado.exe -gui_launcher_event rodinguilauncherevent892 C:\Users\mewf1\Desktop\UART_reference_files\lab7_ME_reference\lab7_master_SV.xpr
# Log file: C:/Users/mewf1/Desktop/UART_reference_files/lab7_ME_reference/vivado.log
# Journal file: C:/Users/mewf1/Desktop/UART_reference_files/lab7_ME_reference\vivado.jou
#-----------------------------------------------------------
start_gui
open_project C:/Users/mewf1/Desktop/UART_reference_files/lab7_ME_reference/lab7_master_SV.xpr
Scanning sources...
Finished scanning sources
WARNING: [filemgmt 56-3] IPUserFilesDir: Could not find the directory 'C:/Users/mewf1/Desktop/UART_reference_files/lab7_ME_reference/lab7_master_SV.ip_user_files'.
INFO: [IP_Flow 19-234] Refreshing IP repositories
INFO: [IP_Flow 19-1704] No user IP repositories specified
INFO: [IP_Flow 19-2313] Loaded Vivado IP repository 'C:/Xilinx/Vivado/2017.4/data/ip'.
open_project: Time (s): cpu = 00:00:18 ; elapsed = 00:00:08 . Memory (MB): peak = 749.984 ; gain = 72.098
update_compile_order -fileset sources_1
exit
INFO: [Common 17-206] Exiting Vivado at Mon May 14 19:19:36 2018...
