Copyright 1986-2017 Xilinx, Inc. All Rights Reserved.
------------------------------------------------------------------------------------
| Tool Version : Vivado v.2017.4 (win64) Build 2086221 Fri Dec 15 20:55:39 MST 2017
| Date         : Sun Aug  5 18:11:46 2018
| Host         : DESKTOP-IVCKHT4 running 64-bit major release  (build 9200)
| Command      : report_control_sets -verbose -file lab_8_control_sets_placed.rpt
| Design       : lab_8
| Device       : xc7a100t
------------------------------------------------------------------------------------

Control Set Information

Table of Contents
-----------------
1. Summary
2. Flip-Flop Distribution
3. Detailed Control Set Information

1. Summary
----------

+----------------------------------------------------------+-------+
|                          Status                          | Count |
+----------------------------------------------------------+-------+
| Number of unique control sets                            |    14 |
| Unused register locations in slices containing registers |    36 |
+----------------------------------------------------------+-------+


2. Flip-Flop Distribution
-------------------------

+--------------+-----------------------+------------------------+-----------------+--------------+
| Clock Enable | Synchronous Set/Reset | Asynchronous Set/Reset | Total Registers | Total Slices |
+--------------+-----------------------+------------------------+-----------------+--------------+
| No           | No                    | No                     |              55 |           23 |
| No           | No                    | Yes                    |               0 |            0 |
| No           | Yes                   | No                     |              14 |            6 |
| Yes          | No                    | No                     |               0 |            0 |
| Yes          | No                    | Yes                    |               0 |            0 |
| Yes          | Yes                   | No                     |              71 |           27 |
+--------------+-----------------------+------------------------+-----------------+--------------+


3. Detailed Control Set Information
-----------------------------------

+---------------------+------------------------------------------------------------+------------------------------------------------------------+------------------+----------------+
|     Clock Signal    |                        Enable Signal                       |                      Set/Reset Signal                      | Slice Load Count | Bel Load Count |
+---------------------+------------------------------------------------------------+------------------------------------------------------------+------------------+----------------+
|  inst/inst/clk_out1 | nolabel_line42/m_driver/pixel_y_to_show_reg[2]_0           | nolabel_line42/m_hw/pixel_y_to_show[2]_i_1_n_0             |                3 |              4 |
|  inst/inst/clk_out1 | nolabel_line42/m_hw/menu_character_position_x[5]_i_2_n_0   | nolabel_line42/m_driver/pixel_x_to_show_reg[0]             |                1 |              5 |
|  inst/inst/clk_out1 | nolabel_line42/exe/pixel_y_to_show[2]_i_2__1_n_0           | nolabel_line42/exe/pixel_y_to_show[2]_i_1__1_n_0           |                3 |              5 |
|  inst/inst/clk_out1 | nolabel_line42/exe/push_menu_minimat_x[7]_i_1__0_n_0       | nolabel_line42/m_driver/n_0_511                            |                2 |              5 |
|  inst/inst/clk_out1 |                                                            | nolabel_line42/m_driver/row_reg[6]_0                       |                3 |              6 |
|  inst/inst/clk_out1 | nolabel_line42/exe/menu_character_position_x[5]_i_2__0_n_0 | nolabel_line42/m_driver/n_0_511                            |                2 |              6 |
|  inst/inst/clk_out1 | nolabel_line42/exe/pixel_y_to_show[2]_i_2__1_n_0           | nolabel_line42/m_driver/push_menu_minimat_y_reg[0]_0       |                2 |              6 |
|  inst/inst/clk_out1 | nolabel_line42/exe/push_menu_minimat_x[7]_i_1__0_n_0       | nolabel_line42/exe/menu_character_position_x[5]_i_2__0_n_0 |                2 |              6 |
|  inst/inst/clk_out1 | nolabel_line42/m_driver/pixel_y_to_show_reg[2]_0           | nolabel_line42/m_driver/push_menu_minimat_y_reg[0]         |                2 |              7 |
|  inst/inst/clk_out1 |                                                            | nolabel_line42/m_driver/col_reg[7]                         |                3 |              8 |
|  inst/inst/clk_out1 | nolabel_line42/ch_00/push_menu_minimat_y[7]_i_2__0_n_0     | nolabel_line42/ch_00/push_menu_minimat_y[7]_i_1_n_0        |                3 |              8 |
|  inst/inst/clk_out1 | nolabel_line42/m_hw/push_menu_minimat_x[6]_i_1__1_n_0      | nolabel_line42/m_driver/pixel_x_to_show_reg[0]             |                3 |              9 |
|  inst/inst/clk_out1 | nolabel_line42/ch_00/push_menu_minimat_x[7]_i_2_n_0        | nolabel_line42/ch_00/push_menu_minimat_x[7]_i_1__1_n_0     |                4 |             10 |
|  inst/inst/clk_out1 |                                                            |                                                            |               23 |             55 |
+---------------------+------------------------------------------------------------+------------------------------------------------------------+------------------+----------------+


+--------+-----------------------+
| Fanout | Number of ControlSets |
+--------+-----------------------+
| 4      |                     1 |
| 5      |                     3 |
| 6      |                     4 |
| 7      |                     1 |
| 8      |                     2 |
| 9      |                     1 |
| 10     |                     1 |
| 16+    |                     1 |
+--------+-----------------------+


