#-----------------------------------------------------------
# Vivado v2017.4 (64-bit)
# SW Build 2086221 on Fri Dec 15 20:55:39 MST 2017
# IP Build 2085800 on Fri Dec 15 22:25:07 MST 2017
# Start of session at: Thu Aug  2 14:42:08 2018
# Process ID: 7984
# Current directory: C:/Users/mewf1/Documents/Vivado/lab_2/exp_7_4_uartmala
# Command line: vivado.exe -gui_launcher_event rodinguilauncherevent7760 C:\Users\mewf1\Documents\Vivado\lab_2\exp_7_4_uartmala\exp_7_4_uartmala.xpr
# Log file: C:/Users/mewf1/Documents/Vivado/lab_2/exp_7_4_uartmala/vivado.log
# Journal file: C:/Users/mewf1/Documents/Vivado/lab_2/exp_7_4_uartmala\vivado.jou
#-----------------------------------------------------------
start_gui
open_project C:/Users/mewf1/Documents/Vivado/lab_2/exp_7_4_uartmala/exp_7_4_uartmala.xpr
Scanning sources...
Finished scanning sources
INFO: [IP_Flow 19-234] Refreshing IP repositories
INFO: [IP_Flow 19-1704] No user IP repositories specified
INFO: [IP_Flow 19-2313] Loaded Vivado IP repository 'C:/Xilinx/Vivado/2017.4/data/ip'.
open_project: Time (s): cpu = 00:00:21 ; elapsed = 00:00:10 . Memory (MB): peak = 767.520 ; gain = 90.359
update_compile_order -fileset sources_1
exit
INFO: [Common 17-206] Exiting Vivado at Thu Aug  2 14:59:37 2018...
