#-----------------------------------------------------------
# Vivado v2017.4 (64-bit)
# SW Build 2086221 on Fri Dec 15 20:55:39 MST 2017
# IP Build 2085800 on Fri Dec 15 22:25:07 MST 2017
# Start of session at: Tue Apr 24 00:01:17 2018
# Process ID: 11988
# Current directory: C:/Users/mewf1/Documents/Vivado/final/alu
# Command line: vivado.exe -gui_launcher_event rodinguilauncherevent12368 C:\Users\mewf1\Documents\Vivado\final\alu\alu.xpr
# Log file: C:/Users/mewf1/Documents/Vivado/final/alu/vivado.log
# Journal file: C:/Users/mewf1/Documents/Vivado/final/alu\vivado.jou
#-----------------------------------------------------------
start_gui
open_project C:/Users/mewf1/Documents/Vivado/final/alu/alu.xpr
INFO: [Project 1-313] Project file moved from 'C:/Users/mewf1/Documents/Vivado/lab_2/alu' since last save.
Scanning sources...
Finished scanning sources
INFO: [IP_Flow 19-234] Refreshing IP repositories
INFO: [IP_Flow 19-1704] No user IP repositories specified
INFO: [IP_Flow 19-2313] Loaded Vivado IP repository 'C:/Xilinx/Vivado/2017.4/data/ip'.
open_project: Time (s): cpu = 00:00:24 ; elapsed = 00:00:12 . Memory (MB): peak = 756.230 ; gain = 85.090
update_compile_order -fileset sources_1
reset_run synth_1
reset_project
exit
INFO: [Common 17-206] Exiting Vivado at Tue Apr 24 00:03:01 2018...
